22:28:53[Info: [Iniciando CoresAPI...]]
22:28:53[Debug: [Core.API.Start()]]
22:28:53[Info: [#########################################]]
22:28:53[Info: [public]]
22:28:53[Info: [#########################################]]
22:28:53[Info: [GET /{db}/ping]]
22:28:53[Info: [#########################################]]
22:28:53[Info: [private]]
22:28:53[Info: [#########################################]]
22:29:03[Info: [Iniciando CoresAPI...]]
22:29:03[Debug: [Core.API.Start()]]
22:29:03[Info: [#########################################]]
22:29:03[Info: [public]]
22:29:03[Info: [#########################################]]
22:29:03[Info: [GET /{db}/ping]]
22:29:03[Info: [GET /{db}/login]]
22:29:03[Info: [#########################################]]
22:29:03[Info: [private]]
22:29:03[Info: [#########################################]]
22:30:07[Info: [Iniciando CoresAPI...]]
22:30:07[Debug: [Core.API.Start()]]
22:30:07[Info: [#########################################]]
22:30:07[Info: [public]]
22:30:07[Info: [#########################################]]
22:30:07[Info: [GET /{db}/ping]]
22:30:07[Info: [GET /{db}/login]]
22:30:07[Info: [#########################################]]
22:30:07[Info: [private]]
22:30:07[Info: [#########################################]]
22:40:15[Info: [Iniciando CoresAPI...]]
22:40:15[Debug: [Core.API.Start()]]
22:40:15[Info: [#########################################]]
22:40:15[Info: [public]]
22:40:15[Info: [#########################################]]
22:40:15[Info: [GET /{db}/ping]]
22:40:15[Info: [GET /{db}/login]]
22:40:15[Info: [#########################################]]
22:40:15[Info: [private]]
22:40:15[Info: [#########################################]]
22:41:58[Info: [Iniciando CoresAPI...]]
22:41:58[Debug: [Core.API.Start()]]
22:41:58[Info: [#########################################]]
22:41:58[Info: [public]]
22:41:58[Info: [#########################################]]
22:41:58[Info: [GET /{db}/ping]]
22:41:58[Info: [GET /{db}/login]]
22:41:58[Info: [#########################################]]
22:41:58[Info: [private]]
22:41:58[Info: [#########################################]]
