06:02:19[Info: [Iniciando CoresAPI...]]
06:02:19[Debug: [Core.API.Start()]]
06:02:19[Info: [#########################################]]
06:02:19[Info: [public]]
06:02:19[Info: [#########################################]]
06:02:19[Info: [GET /{db}/ping]]
06:02:19[Info: [GET /{db}login]]
06:02:19[Info: [#########################################]]
06:02:19[Info: [private]]
06:02:19[Info: [#########################################]]
06:02:19[Info: [GET /{db}/pingpriv]]
06:03:04[Info: [Iniciando CoresAPI...]]
06:03:04[Debug: [Core.API.Start()]]
06:03:04[Info: [#########################################]]
06:03:04[Info: [public]]
06:03:04[Info: [#########################################]]
06:03:04[Info: [GET /{db}/ping]]
06:03:04[Info: [GET /{db}/login]]
06:03:04[Info: [#########################################]]
06:03:04[Info: [private]]
06:03:04[Info: [#########################################]]
06:03:04[Info: [GET /{db}/pingpriv]]
06:06:42[Info: [Iniciando CoresAPI...]]
06:06:42[Debug: [Core.API.Start()]]
06:06:42[Info: [#########################################]]
06:06:42[Info: [public]]
06:06:42[Info: [#########################################]]
06:06:42[Info: [GET /{db}/ping]]
06:06:42[Info: [GET /{db}/login]]
06:06:42[Info: [#########################################]]
06:06:42[Info: [private]]
06:06:42[Info: [#########################################]]
06:06:42[Info: [GET /{db}/pingpriv]]
06:07:57[Info: [Iniciando CoresAPI...]]
06:07:57[Debug: [Core.API.Start()]]
06:07:57[Info: [#########################################]]
06:07:57[Info: [public]]
06:07:57[Info: [#########################################]]
06:07:57[Info: [GET /{db}/ping]]
06:07:57[Info: [GET /{db}/login]]
06:07:57[Info: [#########################################]]
06:07:57[Info: [private]]
06:07:57[Info: [#########################################]]
06:07:57[Info: [GET /{db}/pingpriv]]
06:12:34[Info: [Iniciando CoresAPI...]]
06:12:34[Debug: [Core.API.Start()]]
06:12:34[Info: [#########################################]]
06:12:34[Info: [public]]
06:12:34[Info: [#########################################]]
06:12:34[Info: [GET /{db}/ping]]
06:12:34[Info: [GET /{db}/login]]
06:12:34[Info: [#########################################]]
06:12:34[Info: [private]]
06:12:34[Info: [#########################################]]
06:12:34[Info: [GET /{db}/pingpriv]]
06:27:11[Info: [Iniciando CoresAPI...]]
06:27:11[Debug: [Core.API.Start()]]
06:27:11[Info: [#########################################]]
06:27:11[Info: [public]]
06:27:11[Info: [#########################################]]
06:27:11[Info: [GET /{db}/ping]]
06:27:11[Info: [GET /{db}/login]]
06:27:11[Info: [#########################################]]
06:27:11[Info: [private]]
06:27:11[Info: [#########################################]]
06:27:11[Info: [GET /{db}/pingpriv]]
06:27:36[Info: [Iniciando CoresAPI...]]
06:27:36[Debug: [Core.API.Start()]]
06:27:36[Info: [#########################################]]
06:27:36[Info: [public]]
06:27:36[Info: [#########################################]]
06:27:36[Info: [GET /{db}/ping]]
06:27:36[Info: [GET /{db}/login]]
06:27:36[Info: [#########################################]]
06:27:36[Info: [private]]
06:27:36[Info: [#########################################]]
06:27:55[Info: [GET /{db}/pingpriv]]
06:33:01[Info: [Iniciando CoresAPI...]]
06:33:01[Debug: [Core.API.Start()]]
06:33:01[Info: [#########################################]]
06:33:01[Info: [public]]
06:33:01[Info: [#########################################]]
06:33:01[Info: [GET /{db}/ping]]
06:33:01[Info: [GET /{db}/login]]
06:33:01[Info: [#########################################]]
06:33:01[Info: [private]]
06:33:01[Info: [#########################################]]
06:33:01[Info: [GET /{db}/pingpriv]]
06:36:30[Info: [Iniciando CoresAPI...]]
06:36:30[Debug: [Core.API.Start()]]
06:36:30[Info: [#########################################]]
06:36:30[Info: [public]]
06:36:30[Info: [#########################################]]
06:36:30[Info: [GET /{db}/ping]]
06:36:30[Info: [GET /{db}/login]]
06:36:30[Info: [#########################################]]
06:36:30[Info: [private]]
06:36:30[Info: [#########################################]]
06:36:30[Info: [GET /{db}/pingpriv]]
06:37:36[Info: [Iniciando CoresAPI...]]
06:37:36[Debug: [Core.API.Start()]]
06:37:36[Info: [#########################################]]
06:37:36[Info: [public]]
06:37:36[Info: [#########################################]]
06:37:36[Info: [GET /{db}/ping]]
06:37:36[Info: [GET /{db}/login]]
06:37:36[Info: [#########################################]]
06:37:36[Info: [private]]
06:37:36[Info: [#########################################]]
06:37:36[Info: [GET /{db}/pingpriv]]
06:40:02[Info: [Iniciando CoresAPI...]]
06:40:02[Debug: [Core.API.Start()]]
06:40:02[Info: [#########################################]]
06:40:02[Info: [public]]
06:40:02[Info: [#########################################]]
06:40:02[Info: [GET /{db}/ping]]
06:40:02[Info: [GET /{db}/login]]
06:40:02[Info: [#########################################]]
06:40:02[Info: [private]]
06:40:02[Info: [#########################################]]
06:40:02[Info: [GET /{db}/pingpriv]]
